<?xml version="1.0" encoding="UTF-8"?>
<testng-results ignored="0" total="1" passed="1" failed="0" skipped="0">
  <reporter-output>
  </reporter-output>
  <suite started-at="2020-12-23T23:33:23 ICT" name="All Test Suite" finished-at="2020-12-23T23:33:56 ICT" duration-ms="32734">
    <groups>
      <group name="cucumber">
        <method signature="AbstractTestNGCucumberTests.feature(cucumber.api.testng.CucumberFeatureWrapper)[pri:0, instance:Runner.TestRunner@2cd2a21f]" name="feature" class="cucumber.api.testng.AbstractTestNGCucumberTests"/>
      </group> <!-- cucumber -->
    </groups>
    <test started-at="2020-12-23T23:33:23 ICT" name="TNVNProject" finished-at="2020-12-23T23:33:56 ICT" duration-ms="32734">
      <class name="Runner.TestRunner">
        <test-method is-config="true" signature="setUpClass()[pri:0, instance:Runner.TestRunner@2cd2a21f]" started-at="2020-12-23T23:33:23 ICT" name="setUpClass" finished-at="2020-12-23T23:33:23 ICT" duration-ms="233" status="PASS">
          <reporter-output>
          </reporter-output>
        </test-method> <!-- setUpClass -->
        <test-method signature="feature(cucumber.api.testng.CucumberFeatureWrapper)[pri:0, instance:Runner.TestRunner@2cd2a21f]" started-at="2020-12-23T23:33:23 ICT" name="feature" description="Runs Cucumber Feature" data-provider="features" finished-at="2020-12-23T23:33:56 ICT" duration-ms="32385" status="PASS">
          <params>
            <param index="0">
              <value>
                <![CDATA[Login Feature]]>
              </value>
            </param>
          </params>
          <reporter-output>
          </reporter-output>
        </test-method> <!-- feature -->
        <test-method is-config="true" signature="tearDownClass()[pri:0, instance:Runner.TestRunner@2cd2a21f]" started-at="2020-12-23T23:33:56 ICT" name="tearDownClass" finished-at="2020-12-23T23:33:56 ICT" duration-ms="4" status="PASS">
          <reporter-output>
          </reporter-output>
        </test-method> <!-- tearDownClass -->
      </class> <!-- Runner.TestRunner -->
    </test> <!-- TNVNProject -->
  </suite> <!-- All Test Suite -->
</testng-results>
