<?xml version="1.0" encoding="UTF-8"?>
<testng-results skipped="0" failed="0" ignored="0" total="1" passed="1">
  <reporter-output>
  </reporter-output>
  <suite name="Default Suite" duration-ms="44032" started-at="2020-05-19T21:16:26 ICT" finished-at="2020-05-19T21:17:11 ICT">
    <groups>
    </groups>
    <test name="demoMavenProject" duration-ms="44032" started-at="2020-05-19T21:16:26 ICT" finished-at="2020-05-19T21:17:11 ICT">
      <class name="cucumber.tests.Runner">
        <test-method status="PASS" signature="setUpClass()[pri:0, instance:cucumber.tests.Runner@56ac3a89]" name="setUpClass" is-config="true" duration-ms="21637" started-at="2020-05-19T21:16:27 ICT" finished-at="2020-05-19T21:16:48 ICT">
          <reporter-output>
          </reporter-output>
        </test-method> <!-- setUpClass -->
        <test-method status="PASS" signature="feature(cucumber.api.testng.CucumberFeatureWrapper)[pri:0, instance:cucumber.tests.Runner@56ac3a89]" name="feature" duration-ms="22086" started-at="2020-05-19T21:16:48 ICT" data-provider="features" finished-at="2020-05-19T21:17:10 ICT">
          <params>
            <param index="0">
              <value>
                <![CDATA[Login Viettalk app]]>
              </value>
            </param>
          </params>
          <reporter-output>
          </reporter-output>
        </test-method> <!-- feature -->
        <test-method status="PASS" signature="tearDownClass()[pri:0, instance:cucumber.tests.Runner@56ac3a89]" name="tearDownClass" is-config="true" duration-ms="22" started-at="2020-05-19T21:17:10 ICT" finished-at="2020-05-19T21:17:11 ICT">
          <reporter-output>
          </reporter-output>
        </test-method> <!-- tearDownClass -->
      </class> <!-- cucumber.tests.Runner -->
    </test> <!-- demoMavenProject -->
  </suite> <!-- Default Suite -->
</testng-results>
